<?xml version="1.0" encoding="UTF-8"?>
<coverage generated="1777843809539" clover="3.2.0">
  <project timestamp="1777843809539" name="All files">
    <metrics statements="176" coveredstatements="170" conditionals="55" coveredconditionals="43" methods="43" coveredmethods="43" elements="274" coveredelements="256" complexity="0" loc="176" ncloc="176" packages="1" files="5" classes="5"/>
    <file name="crypto.ts" path="/home/runner/work/iris-gate-person/iris-gate-person/src/crypto.ts">
      <metrics statements="46" coveredstatements="45" conditionals="5" coveredconditionals="2" methods="9" coveredmethods="9"/>
      <line num="8" count="1" type="stmt"/>
      <line num="19" count="1" type="stmt"/>
      <line num="20" count="33" type="stmt"/>
      <line num="24" count="33" type="stmt"/>
      <line num="37" count="1" type="stmt"/>
      <line num="38" count="38" type="stmt"/>
      <line num="48" count="1" type="stmt"/>
      <line num="49" count="38" type="stmt"/>
      <line num="50" count="38" type="stmt"/>
      <line num="56" count="1" type="cond" truecount="0" falsecount="1"/>
      <line num="57" count="32" type="stmt"/>
      <line num="71" count="1" type="stmt"/>
      <line num="72" count="19" type="stmt"/>
      <line num="73" count="19" type="cond" truecount="1" falsecount="1"/>
      <line num="78" count="19" type="stmt"/>
      <line num="89" count="1" type="stmt"/>
      <line num="90" count="21" type="stmt"/>
      <line num="91" count="21" type="stmt"/>
      <line num="92" count="21" type="stmt"/>
      <line num="93" count="21" type="stmt"/>
      <line num="100" count="0" type="stmt"/>
      <line num="108" count="1" type="stmt"/>
      <line num="109" count="1" type="stmt"/>
      <line num="110" count="1" type="stmt"/>
      <line num="111" count="1" type="stmt"/>
      <line num="112" count="1" type="stmt"/>
      <line num="118" count="4" type="stmt"/>
      <line num="128" count="1" type="stmt"/>
      <line num="129" count="2" type="stmt"/>
      <line num="130" count="2" type="stmt"/>
      <line num="131" count="2" type="stmt"/>
      <line num="133" count="2" type="stmt"/>
      <line num="134" count="2" type="stmt"/>
      <line num="135" count="2" type="stmt"/>
      <line num="137" count="2" type="stmt"/>
      <line num="152" count="1" type="stmt"/>
      <line num="153" count="2" type="stmt"/>
      <line num="154" count="2" type="stmt"/>
      <line num="155" count="2" type="stmt"/>
      <line num="156" count="2" type="stmt"/>
      <line num="157" count="2" type="stmt"/>
      <line num="159" count="2" type="stmt"/>
      <line num="160" count="2" type="stmt"/>
      <line num="162" count="2" type="stmt"/>
      <line num="163" count="2" type="stmt"/>
      <line num="165" count="1" type="stmt"/>
    </file>
    <file name="index.ts" path="/home/runner/work/iris-gate-person/iris-gate-person/src/index.ts">
      <metrics statements="4" coveredstatements="4" conditionals="0" coveredconditionals="0" methods="7" coveredmethods="7"/>
      <line num="13" count="32" type="stmt"/>
      <line num="17" count="20" type="stmt"/>
      <line num="20" count="2" type="stmt"/>
      <line num="23" count="4" type="stmt"/>
    </file>
    <file name="person.ts" path="/home/runner/work/iris-gate-person/iris-gate-person/src/person.ts">
      <metrics statements="63" coveredstatements="61" conditionals="29" coveredconditionals="22" methods="20" coveredmethods="20"/>
      <line num="19" count="1" type="stmt"/>
      <line num="29" count="1" type="stmt"/>
      <line num="30" count="1" type="stmt"/>
      <line num="31" count="1" type="stmt"/>
      <line num="192" count="1" type="stmt"/>
      <line num="193" count="31" type="cond" truecount="2" falsecount="0"/>
      <line num="194" count="31" type="stmt"/>
      <line num="202" count="32" type="stmt"/>
      <line num="203" count="32" type="stmt"/>
      <line num="204" count="32" type="stmt"/>
      <line num="206" count="32" type="stmt"/>
      <line num="213" count="32" type="stmt"/>
      <line num="222" count="32" type="stmt"/>
      <line num="223" count="32" type="stmt"/>
      <line num="228" count="18" type="stmt"/>
      <line num="229" count="18" type="cond" truecount="1" falsecount="0"/>
      <line num="230" count="1" type="stmt"/>
      <line num="232" count="17" type="cond" truecount="1" falsecount="0"/>
      <line num="233" count="1" type="stmt"/>
      <line num="235" count="16" type="stmt"/>
      <line num="236" count="16" type="stmt"/>
      <line num="237" count="16" type="stmt"/>
      <line num="242" count="7" type="stmt"/>
      <line num="247" count="2" type="stmt"/>
      <line num="248" count="4" type="cond" truecount="3" falsecount="0"/>
      <line num="249" count="3" type="cond" truecount="1" falsecount="2"/>
      <line num="250" count="3" type="cond" truecount="3" falsecount="0"/>
      <line num="251" count="2" type="stmt"/>
      <line num="252" count="2" type="cond" truecount="1" falsecount="0"/>
      <line num="254" count="2" type="stmt"/>
      <line num="260" count="4" type="stmt"/>
      <line num="261" count="4" type="cond" truecount="3" falsecount="0"/>
      <line num="262" count="4" type="stmt"/>
      <line num="264" count="2" type="stmt"/>
      <line num="265" count="2" type="stmt"/>
      <line num="267" count="4" type="cond" truecount="2" falsecount="0"/>
      <line num="268" count="2" type="stmt"/>
      <line num="274" count="3" type="stmt"/>
      <line num="275" count="3" type="cond" truecount="1" falsecount="0"/>
      <line num="276" count="1" type="stmt"/>
      <line num="278" count="2" type="stmt"/>
      <line num="283" count="2" type="stmt"/>
      <line num="284" count="2" type="cond" truecount="0" falsecount="1"/>
      <line num="285" count="0" type="stmt"/>
      <line num="288" count="2" type="stmt"/>
      <line num="290" count="2" type="stmt"/>
      <line num="300" count="2" type="stmt"/>
      <line num="304" count="2" type="stmt"/>
      <line num="309" count="2" type="stmt"/>
      <line num="310" count="1" type="stmt"/>
      <line num="314" count="1" type="stmt"/>
      <line num="315" count="1" type="stmt"/>
      <line num="316" count="1" type="stmt"/>
      <line num="322" count="3" type="stmt"/>
      <line num="327" count="3" type="stmt"/>
      <line num="330" count="31" type="stmt"/>
      <line num="331" count="5" type="stmt"/>
      <line num="351" count="2" type="stmt"/>
      <line num="374" count="2" type="cond" truecount="1" falsecount="1"/>
      <line num="375" count="2" type="stmt"/>
      <line num="396" count="0" type="stmt"/>
      <line num="399" count="2" type="stmt"/>
      <line num="413" count="2" type="stmt"/>
    </file>
    <file name="receipt.ts" path="/home/runner/work/iris-gate-person/iris-gate-person/src/receipt.ts">
      <metrics statements="14" coveredstatements="14" conditionals="2" coveredconditionals="2" methods="4" coveredmethods="4"/>
      <line num="11" count="1" type="stmt"/>
      <line num="28" count="40" type="stmt"/>
      <line num="55" count="1" type="stmt"/>
      <line num="69" count="19" type="stmt"/>
      <line num="70" count="19" type="cond" truecount="2" falsecount="0"/>
      <line num="72" count="19" type="stmt"/>
      <line num="73" count="19" type="stmt"/>
      <line num="75" count="19" type="stmt"/>
      <line num="102" count="1" type="stmt"/>
      <line num="107" count="2" type="stmt"/>
      <line num="108" count="2" type="stmt"/>
      <line num="122" count="1" type="stmt"/>
      <line num="123" count="21" type="stmt"/>
      <line num="130" count="21" type="stmt"/>
    </file>
    <file name="verify.ts" path="/home/runner/work/iris-gate-person/iris-gate-person/src/verify.ts">
      <metrics statements="49" coveredstatements="46" conditionals="19" coveredconditionals="17" methods="3" coveredmethods="3"/>
      <line num="13" count="1" type="stmt"/>
      <line num="14" count="1" type="stmt"/>
      <line num="47" count="1" type="stmt"/>
      <line num="48" count="4" type="stmt"/>
      <line num="49" count="4" type="stmt"/>
      <line num="52" count="4" type="stmt"/>
      <line num="53" count="4" type="stmt"/>
      <line num="54" count="4" type="stmt"/>
      <line num="55" count="4" type="stmt"/>
      <line num="57" count="0" type="stmt"/>
      <line num="61" count="4" type="stmt"/>
      <line num="62" count="4" type="cond" truecount="1" falsecount="0"/>
      <line num="63" count="3" type="stmt"/>
      <line num="64" count="3" type="stmt"/>
      <line num="66" count="0" type="stmt"/>
      <line num="71" count="4" type="stmt"/>
      <line num="72" count="4" type="cond" truecount="1" falsecount="0"/>
      <line num="73" count="3" type="stmt"/>
      <line num="76" count="4" type="cond" truecount="3" falsecount="0"/>
      <line num="78" count="4" type="stmt"/>
      <line num="80" count="4" type="stmt"/>
      <line num="101" count="1" type="stmt"/>
      <line num="102" count="3" type="stmt"/>
      <line num="108" count="3" type="stmt"/>
      <line num="122" count="4" type="stmt"/>
      <line num="123" count="4" type="stmt"/>
      <line num="125" count="4" type="stmt"/>
      <line num="126" count="4" type="stmt"/>
      <line num="127" count="4" type="cond" truecount="1" falsecount="1"/>
      <line num="128" count="4" type="cond" truecount="2" falsecount="0"/>
      <line num="129" count="4" type="cond" truecount="2" falsecount="0"/>
      <line num="130" count="4" type="stmt"/>
      <line num="132" count="4" type="cond" truecount="2" falsecount="0"/>
      <line num="133" count="3" type="stmt"/>
      <line num="134" count="3" type="cond" truecount="1" falsecount="0"/>
      <line num="135" count="3" type="stmt"/>
      <line num="136" count="3" type="stmt"/>
      <line num="137" count="3" type="cond" truecount="1" falsecount="0"/>
      <line num="138" count="1" type="stmt"/>
      <line num="142" count="1" type="stmt"/>
      <line num="143" count="1" type="cond" truecount="0" falsecount="1"/>
      <line num="144" count="0" type="stmt"/>
      <line num="146" count="1" type="cond" truecount="1" falsecount="0"/>
      <line num="147" count="1" type="stmt"/>
      <line num="149" count="1" type="cond" truecount="1" falsecount="0"/>
      <line num="150" count="1" type="stmt"/>
      <line num="152" count="1" type="cond" truecount="1" falsecount="0"/>
      <line num="153" count="1" type="stmt"/>
      <line num="157" count="4" type="stmt"/>
    </file>
  </project>
</coverage>
