{"/home/runner/work/iris-gate-person/iris-gate-person/src/crypto.ts": {"path":"/home/runner/work/iris-gate-person/iris-gate-person/src/crypto.ts","statementMap":{"0":{"start":{"line":19,"column":0},"end":{"line":19,"column":16}},"1":{"start":{"line":37,"column":0},"end":{"line":37,"column":16}},"2":{"start":{"line":48,"column":0},"end":{"line":48,"column":16}},"3":{"start":{"line":56,"column":0},"end":{"line":56,"column":16}},"4":{"start":{"line":71,"column":0},"end":{"line":71,"column":16}},"5":{"start":{"line":89,"column":0},"end":{"line":89,"column":16}},"6":{"start":{"line":128,"column":0},"end":{"line":128,"column":16}},"7":{"start":{"line":152,"column":0},"end":{"line":152,"column":16}},"8":{"start":{"line":8,"column":0},"end":{"line":8,"column":130}},"9":{"start":{"line":20,"column":36},"end":{"line":23,"column":4}},"10":{"start":{"line":24,"column":2},"end":{"line":27,"column":4}},"11":{"start":{"line":38,"column":2},"end":{"line":38,"column":57}},"12":{"start":{"line":49,"column":20},"end":{"line":49,"column":72}},"13":{"start":{"line":50,"column":2},"end":{"line":50,"column":41}},"14":{"start":{"line":57,"column":2},"end":{"line":57,"column":45}},"15":{"start":{"line":72,"column":20},"end":{"line":72,"column":50}},"16":{"start":{"line":73,"column":14},"end":{"line":77,"column":4}},"17":{"start":{"line":78,"column":2},"end":{"line":78,"column":29}},"18":{"start":{"line":90,"column":2},"end":{"line":101,"column":3}},"19":{"start":{"line":91,"column":22},"end":{"line":91,"column":51}},"20":{"start":{"line":92,"column":22},"end":{"line":92,"column":51}},"21":{"start":{"line":93,"column":4},"end":{"line":98,"column":6}},"22":{"start":{"line":100,"column":4},"end":{"line":100,"column":17}},"23":{"start":{"line":108,"column":22},"end":{"line":108,"column":24}},"24":{"start":{"line":109,"column":21},"end":{"line":109,"column":23}},"25":{"start":{"line":110,"column":19},"end":{"line":110,"column":21}},"26":{"start":{"line":111,"column":26},"end":{"line":111,"column":33}},"27":{"start":{"line":112,"column":22},"end":{"line":112,"column":30}},"28":{"start":{"line":118,"column":2},"end":{"line":118,"column":87}},"29":{"start":{"line":129,"column":15},"end":{"line":129,"column":38}},"30":{"start":{"line":130,"column":13},"end":{"line":130,"column":38}},"31":{"start":{"line":131,"column":14},"end":{"line":131,"column":41}},"32":{"start":{"line":133,"column":17},"end":{"line":133,"column":55}},"33":{"start":{"line":134,"column":20},"end":{"line":134,"column":85}},"34":{"start":{"line":135,"column":18},"end":{"line":135,"column":37}},"35":{"start":{"line":137,"column":2},"end":{"line":144,"column":4}},"36":{"start":{"line":153,"column":15},"end":{"line":153,"column":45}},"37":{"start":{"line":154,"column":13},"end":{"line":154,"column":41}},"38":{"start":{"line":155,"column":18},"end":{"line":155,"column":51}},"39":{"start":{"line":156,"column":21},"end":{"line":156,"column":60}},"40":{"start":{"line":157,"column":14},"end":{"line":157,"column":41}},"41":{"start":{"line":159,"column":19},"end":{"line":159,"column":59}},"42":{"start":{"line":160,"column":2},"end":{"line":160,"column":31}},"43":{"start":{"line":162,"column":2},"end":{"line":166,"column":3}},"44":{"start":{"line":163,"column":4},"end":{"line":163,"column":91}},"45":{"start":{"line":165,"column":4},"end":{"line":165,"column":83}}},"fnMap":{"0":{"name":"generateKeyPair","decl":{"start":{"line":19,"column":16},"end":{"line":19,"column":31}},"loc":{"start":{"line":19,"column":31},"end":{"line":28,"column":1}}},"1":{"name":"sha256","decl":{"start":{"line":37,"column":16},"end":{"line":37,"column":22}},"loc":{"start":{"line":37,"column":44},"end":{"line":39,"column":1}}},"2":{"name":"hashPayload","decl":{"start":{"line":48,"column":16},"end":{"line":48,"column":27}},"loc":{"start":{"line":48,"column":75},"end":{"line":51,"column":1}}},"3":{"name":"randomHex","decl":{"start":{"line":56,"column":16},"end":{"line":56,"column":25}},"loc":{"start":{"line":56,"column":45},"end":{"line":58,"column":1}}},"4":{"name":"signMessage","decl":{"start":{"line":71,"column":16},"end":{"line":71,"column":27}},"loc":{"start":{"line":71,"column":72},"end":{"line":79,"column":1}}},"5":{"name":"verifySignature","decl":{"start":{"line":89,"column":16},"end":{"line":89,"column":31}},"loc":{"start":{"line":89,"column":94},"end":{"line":102,"column":1}}},"6":{"name":"deriveKey","decl":{"start":{"line":117,"column":9},"end":{"line":117,"column":18}},"loc":{"start":{"line":117,"column":51},"end":{"line":119,"column":1}}},"7":{"name":"encryptVault","decl":{"start":{"line":128,"column":16},"end":{"line":128,"column":28}},"loc":{"start":{"line":128,"column":66},"end":{"line":145,"column":1}}},"8":{"name":"decryptVault","decl":{"start":{"line":152,"column":16},"end":{"line":152,"column":28}},"loc":{"start":{"line":152,"column":70},"end":{"line":167,"column":1}}}},"branchMap":{"0":{"loc":{"start":{"line":56,"column":26},"end":{"line":56,"column":45}},"type":"default-arg","locations":[{"start":{"line":56,"column":43},"end":{"line":56,"column":45}}]},"1":{"loc":{"start":{"line":73,"column":25},"end":{"line":73,"column":90}},"type":"cond-expr","locations":[{"start":{"line":73,"column":52},"end":{"line":73,"column":59}},{"start":{"line":73,"column":62},"end":{"line":73,"column":90}}]},"2":{"loc":{"start":{"line":95,"column":6},"end":{"line":95,"column":71}},"type":"cond-expr","locations":[{"start":{"line":95,"column":33},"end":{"line":95,"column":40}},{"start":{"line":95,"column":43},"end":{"line":95,"column":71}}]}},"s":{"0":1,"1":1,"2":1,"3":1,"4":1,"5":1,"6":1,"7":1,"8":1,"9":33,"10":33,"11":38,"12":38,"13":38,"14":32,"15":19,"16":19,"17":19,"18":21,"19":21,"20":21,"21":21,"22":0,"23":1,"24":1,"25":1,"26":1,"27":1,"28":4,"29":2,"30":2,"31":2,"32":2,"33":2,"34":2,"35":2,"36":2,"37":2,"38":2,"39":2,"40":2,"41":2,"42":2,"43":2,"44":2,"45":1},"f":{"0":33,"1":38,"2":38,"3":32,"4":19,"5":21,"6":4,"7":2,"8":2},"b":{"0":[0],"1":[0,19],"2":[0,21]}}
,"/home/runner/work/iris-gate-person/iris-gate-person/src/index.ts": {"path":"/home/runner/work/iris-gate-person/iris-gate-person/src/index.ts","statementMap":{"0":{"start":{"line":13,"column":0},"end":{"line":13,"column":9}},"1":{"start":{"line":13,"column":9},"end":{"line":13,"column":40}},"2":{"start":{"line":17,"column":0},"end":{"line":17,"column":9}},"3":{"start":{"line":17,"column":9},"end":{"line":17,"column":23}},"4":{"start":{"line":17,"column":23},"end":{"line":17,"column":47}},"5":{"start":{"line":17,"column":47},"end":{"line":17,"column":80}},"6":{"start":{"line":20,"column":0},"end":{"line":20,"column":9}},"7":{"start":{"line":20,"column":9},"end":{"line":20,"column":24}},"8":{"start":{"line":20,"column":24},"end":{"line":20,"column":55}},"9":{"start":{"line":23,"column":0},"end":{"line":23,"column":9}},"10":{"start":{"line":23,"column":9},"end":{"line":23,"column":43}}},"fnMap":{"0":{"name":"(anonymous_0)","decl":{"start":{"line":13,"column":9},"end":{"line":13,"column":21}},"loc":{"start":{"line":13,"column":9},"end":{"line":13,"column":40}}},"1":{"name":"(anonymous_1)","decl":{"start":{"line":17,"column":9},"end":{"line":17,"column":21}},"loc":{"start":{"line":17,"column":9},"end":{"line":17,"column":23}}},"2":{"name":"(anonymous_2)","decl":{"start":{"line":17,"column":23},"end":{"line":17,"column":45}},"loc":{"start":{"line":17,"column":23},"end":{"line":17,"column":47}}},"3":{"name":"(anonymous_3)","decl":{"start":{"line":17,"column":47},"end":{"line":17,"column":60}},"loc":{"start":{"line":17,"column":47},"end":{"line":17,"column":80}}},"4":{"name":"(anonymous_4)","decl":{"start":{"line":20,"column":9},"end":{"line":20,"column":22}},"loc":{"start":{"line":20,"column":9},"end":{"line":20,"column":24}}},"5":{"name":"(anonymous_5)","decl":{"start":{"line":20,"column":24},"end":{"line":20,"column":36}},"loc":{"start":{"line":20,"column":24},"end":{"line":20,"column":55}}},"6":{"name":"(anonymous_6)","decl":{"start":{"line":23,"column":9},"end":{"line":23,"column":24}},"loc":{"start":{"line":23,"column":9},"end":{"line":23,"column":43}}}},"branchMap":{},"s":{"0":1,"1":32,"2":1,"3":20,"4":3,"5":2,"6":1,"7":2,"8":2,"9":1,"10":4},"f":{"0":31,"1":19,"2":2,"3":1,"4":1,"5":1,"6":3},"b":{}}
,"/home/runner/work/iris-gate-person/iris-gate-person/src/person.ts": {"path":"/home/runner/work/iris-gate-person/iris-gate-person/src/person.ts","statementMap":{"0":{"start":{"line":192,"column":0},"end":{"line":192,"column":16}},"1":{"start":{"line":19,"column":0},"end":{"line":19,"column":36}},"2":{"start":{"line":29,"column":0},"end":{"line":29,"column":95}},"3":{"start":{"line":30,"column":0},"end":{"line":30,"column":42}},"4":{"start":{"line":31,"column":0},"end":{"line":31,"column":40}},"5":{"start":{"line":193,"column":28},"end":{"line":193,"column":56}},"6":{"start":{"line":194,"column":42},"end":{"line":194,"column":51}},"7":{"start":{"line":202,"column":18},"end":{"line":202,"column":31}},"8":{"start":{"line":203,"column":17},"end":{"line":203,"column":42}},"9":{"start":{"line":204,"column":22},"end":{"line":204,"column":46}},"10":{"start":{"line":206,"column":35},"end":{"line":211,"column":6}},"11":{"start":{"line":213,"column":32},"end":{"line":220,"column":6}},"12":{"start":{"line":222,"column":4},"end":{"line":222,"column":33}},"13":{"start":{"line":223,"column":4},"end":{"line":223,"column":34}},"14":{"start":{"line":228,"column":19},"end":{"line":228,"column":38}},"15":{"start":{"line":229,"column":4},"end":{"line":231,"column":5}},"16":{"start":{"line":230,"column":6},"end":{"line":230,"column":55}},"17":{"start":{"line":232,"column":4},"end":{"line":234,"column":5}},"18":{"start":{"line":233,"column":6},"end":{"line":233,"column":76}},"19":{"start":{"line":235,"column":33},"end":{"line":235,"column":55}},"20":{"start":{"line":236,"column":4},"end":{"line":236,"column":33}},"21":{"start":{"line":237,"column":4},"end":{"line":237,"column":19}},"22":{"start":{"line":242,"column":4},"end":{"line":242,"column":83}},"23":{"start":{"line":242,"column":52},"end":{"line":242,"column":81}},"24":{"start":{"line":247,"column":4},"end":{"line":255,"column":7}},"25":{"start":{"line":248,"column":6},"end":{"line":248,"column":79}},"26":{"start":{"line":248,"column":66},"end":{"line":248,"column":79}},"27":{"start":{"line":249,"column":6},"end":{"line":249,"column":102}},"28":{"start":{"line":249,"column":89},"end":{"line":249,"column":102}},"29":{"start":{"line":250,"column":6},"end":{"line":253,"column":7}},"30":{"start":{"line":251,"column":27},"end":{"line":251,"column":71}},"31":{"start":{"line":251,"column":52},"end":{"line":251,"column":70}},"32":{"start":{"line":252,"column":8},"end":{"line":252,"column":38}},"33":{"start":{"line":252,"column":25},"end":{"line":252,"column":38}},"34":{"start":{"line":254,"column":6},"end":{"line":254,"column":18}},"35":{"start":{"line":260,"column":14},"end":{"line":260,"column":26}},"36":{"start":{"line":261,"column":4},"end":{"line":263,"column":5}},"37":{"start":{"line":262,"column":6},"end":{"line":262,"column":80}},"38":{"start":{"line":262,"column":54},"end":{"line":262,"column":78}},"39":{"start":{"line":264,"column":18},"end":{"line":264,"column":33}},"40":{"start":{"line":265,"column":4},"end":{"line":269,"column":6}},"41":{"start":{"line":267,"column":8},"end":{"line":268,"column":59}},"42":{"start":{"line":268,"column":27},"end":{"line":268,"column":58}},"43":{"start":{"line":274,"column":19},"end":{"line":274,"column":38}},"44":{"start":{"line":275,"column":4},"end":{"line":277,"column":5}},"45":{"start":{"line":276,"column":6},"end":{"line":276,"column":55}},"46":{"start":{"line":278,"column":4},"end":{"line":278,"column":32}},"47":{"start":{"line":283,"column":19},"end":{"line":283,"column":38}},"48":{"start":{"line":284,"column":4},"end":{"line":286,"column":5}},"49":{"start":{"line":285,"column":6},"end":{"line":285,"column":55}},"50":{"start":{"line":288,"column":37},"end":{"line":288,"column":74}},"51":{"start":{"line":290,"column":4},"end":{"line":295,"column":6}},"52":{"start":{"line":300,"column":17},"end":{"line":303,"column":6}},"53":{"start":{"line":304,"column":4},"end":{"line":304,"column":58}},"54":{"start":{"line":309,"column":22},"end":{"line":309,"column":62}},"55":{"start":{"line":310,"column":17},"end":{"line":310,"column":83}},"56":{"start":{"line":314,"column":4},"end":{"line":314,"column":27}},"57":{"start":{"line":315,"column":4},"end":{"line":317,"column":5}},"58":{"start":{"line":316,"column":6},"end":{"line":316,"column":35}},"59":{"start":{"line":322,"column":4},"end":{"line":322,"column":38}},"60":{"start":{"line":327,"column":4},"end":{"line":327,"column":31}},"61":{"start":{"line":330,"column":2},"end":{"line":343,"column":4}},"62":{"start":{"line":331,"column":22},"end":{"line":331,"column":50}},"63":{"start":{"line":351,"column":26},"end":{"line":372,"column":4}},"64":{"start":{"line":374,"column":2},"end":{"line":397,"column":3}},"65":{"start":{"line":375,"column":4},"end":{"line":394,"column":6}},"66":{"start":{"line":396,"column":4},"end":{"line":396,"column":59}},"67":{"start":{"line":399,"column":2},"end":{"line":411,"column":4}},"68":{"start":{"line":413,"column":2},"end":{"line":413,"column":15}}},"fnMap":{"0":{"name":"createPerson","decl":{"start":{"line":192,"column":16},"end":{"line":192,"column":28}},"loc":{"start":{"line":192,"column":46},"end":{"line":344,"column":1}}},"1":{"name":"commit","decl":{"start":{"line":197,"column":11},"end":{"line":197,"column":17}},"loc":{"start":{"line":200,"column":23},"end":{"line":224,"column":3}}},"2":{"name":"receive","decl":{"start":{"line":227,"column":11},"end":{"line":227,"column":18}},"loc":{"start":{"line":227,"column":53},"end":{"line":238,"column":3}}},"3":{"name":"challenge","decl":{"start":{"line":241,"column":11},"end":{"line":241,"column":20}},"loc":{"start":{"line":241,"column":20},"end":{"line":243,"column":3}}},"4":{"name":"(anonymous_4)","decl":{"start":{"line":242,"column":45},"end":{"line":242,"column":46}},"loc":{"start":{"line":242,"column":52},"end":{"line":242,"column":81}}},"5":{"name":"challengeAll","decl":{"start":{"line":246,"column":11},"end":{"line":246,"column":23}},"loc":{"start":{"line":246,"column":90},"end":{"line":256,"column":3}}},"6":{"name":"(anonymous_6)","decl":{"start":{"line":247,"column":30},"end":{"line":247,"column":31}},"loc":{"start":{"line":247,"column":36},"end":{"line":255,"column":5}}},"7":{"name":"(anonymous_7)","decl":{"start":{"line":251,"column":45},"end":{"line":251,"column":46}},"loc":{"start":{"line":251,"column":52},"end":{"line":251,"column":70}}},"8":{"name":"search","decl":{"start":{"line":259,"column":11},"end":{"line":259,"column":17}},"loc":{"start":{"line":259,"column":31},"end":{"line":270,"column":3}}},"9":{"name":"(anonymous_9)","decl":{"start":{"line":262,"column":47},"end":{"line":262,"column":48}},"loc":{"start":{"line":262,"column":54},"end":{"line":262,"column":78}}},"10":{"name":"(anonymous_10)","decl":{"start":{"line":266,"column":6},"end":{"line":266,"column":7}},"loc":{"start":{"line":267,"column":8},"end":{"line":268,"column":59}}},"11":{"name":"(anonymous_11)","decl":{"start":{"line":268,"column":20},"end":{"line":268,"column":21}},"loc":{"start":{"line":268,"column":27},"end":{"line":268,"column":58}}},"12":{"name":"verify","decl":{"start":{"line":273,"column":11},"end":{"line":273,"column":17}},"loc":{"start":{"line":273,"column":34},"end":{"line":279,"column":3}}},"13":{"name":"exportRecord","decl":{"start":{"line":282,"column":11},"end":{"line":282,"column":23}},"loc":{"start":{"line":282,"column":40},"end":{"line":296,"column":3}}},"14":{"name":"exportVaultEncrypted","decl":{"start":{"line":299,"column":11},"end":{"line":299,"column":31}},"loc":{"start":{"line":299,"column":50},"end":{"line":305,"column":3}}},"15":{"name":"importVaultEncrypted","decl":{"start":{"line":308,"column":11},"end":{"line":308,"column":31}},"loc":{"start":{"line":308,"column":82},"end":{"line":318,"column":3}}},"16":{"name":"listRecords","decl":{"start":{"line":321,"column":11},"end":{"line":321,"column":22}},"loc":{"start":{"line":321,"column":22},"end":{"line":323,"column":3}}},"17":{"name":"getRecord","decl":{"start":{"line":326,"column":11},"end":{"line":326,"column":20}},"loc":{"start":{"line":326,"column":37},"end":{"line":328,"column":3}}},"18":{"name":"(anonymous_18)","decl":{"start":{"line":331,"column":4},"end":{"line":331,"column":8}},"loc":{"start":{"line":331,"column":17},"end":{"line":331,"column":52}}},"19":{"name":"buildVerificationInstructions","decl":{"start":{"line":350,"column":9},"end":{"line":350,"column":38}},"loc":{"start":{"line":350,"column":58},"end":{"line":414,"column":1}}}},"branchMap":{"0":{"loc":{"start":{"line":193,"column":28},"end":{"line":193,"column":56}},"type":"binary-expr","locations":[{"start":{"line":193,"column":28},"end":{"line":193,"column":35}},{"start":{"line":193,"column":39},"end":{"line":193,"column":56}}]},"1":{"loc":{"start":{"line":200,"column":4},"end":{"line":200,"column":23}},"type":"default-arg","locations":[{"start":{"line":200,"column":21},"end":{"line":200,"column":23}}]},"2":{"loc":{"start":{"line":229,"column":4},"end":{"line":231,"column":5}},"type":"if","locations":[{"start":{"line":229,"column":4},"end":{"line":231,"column":5}}]},"3":{"loc":{"start":{"line":232,"column":4},"end":{"line":234,"column":5}},"type":"if","locations":[{"start":{"line":232,"column":4},"end":{"line":234,"column":5}}]},"4":{"loc":{"start":{"line":246,"column":24},"end":{"line":246,"column":90}},"type":"default-arg","locations":[{"start":{"line":246,"column":88},"end":{"line":246,"column":90}}]},"5":{"loc":{"start":{"line":248,"column":6},"end":{"line":248,"column":79}},"type":"if","locations":[{"start":{"line":248,"column":6},"end":{"line":248,"column":79}}]},"6":{"loc":{"start":{"line":248,"column":10},"end":{"line":248,"column":64}},"type":"binary-expr","locations":[{"start":{"line":248,"column":10},"end":{"line":248,"column":24}},{"start":{"line":248,"column":28},"end":{"line":248,"column":64}}]},"7":{"loc":{"start":{"line":249,"column":6},"end":{"line":249,"column":102}},"type":"if","locations":[{"start":{"line":249,"column":6},"end":{"line":249,"column":102}}]},"8":{"loc":{"start":{"line":249,"column":10},"end":{"line":249,"column":87}},"type":"binary-expr","locations":[{"start":{"line":249,"column":10},"end":{"line":249,"column":23}},{"start":{"line":249,"column":27},"end":{"line":249,"column":87}}]},"9":{"loc":{"start":{"line":250,"column":6},"end":{"line":253,"column":7}},"type":"if","locations":[{"start":{"line":250,"column":6},"end":{"line":253,"column":7}}]},"10":{"loc":{"start":{"line":250,"column":10},"end":{"line":250,"column":49}},"type":"binary-expr","locations":[{"start":{"line":250,"column":10},"end":{"line":250,"column":22}},{"start":{"line":250,"column":26},"end":{"line":250,"column":49}}]},"11":{"loc":{"start":{"line":252,"column":8},"end":{"line":252,"column":38}},"type":"if","locations":[{"start":{"line":252,"column":8},"end":{"line":252,"column":38}}]},"12":{"loc":{"start":{"line":261,"column":4},"end":{"line":263,"column":5}},"type":"if","locations":[{"start":{"line":261,"column":4},"end":{"line":263,"column":5}}]},"13":{"loc":{"start":{"line":261,"column":8},"end":{"line":261,"column":41}},"type":"binary-expr","locations":[{"start":{"line":261,"column":8},"end":{"line":261,"column":25}},{"start":{"line":261,"column":29},"end":{"line":261,"column":41}}]},"14":{"loc":{"start":{"line":267,"column":8},"end":{"line":268,"column":59}},"type":"binary-expr","locations":[{"start":{"line":267,"column":8},"end":{"line":267,"column":45}},{"start":{"line":268,"column":8},"end":{"line":268,"column":59}}]},"15":{"loc":{"start":{"line":275,"column":4},"end":{"line":277,"column":5}},"type":"if","locations":[{"start":{"line":275,"column":4},"end":{"line":277,"column":5}}]},"16":{"loc":{"start":{"line":284,"column":4},"end":{"line":286,"column":5}},"type":"if","locations":[{"start":{"line":284,"column":4},"end":{"line":286,"column":5}}]},"17":{"loc":{"start":{"line":374,"column":2},"end":{"line":397,"column":3}},"type":"if","locations":[{"start":{"line":374,"column":2},"end":{"line":397,"column":3}},{"start":{"line":395,"column":9},"end":{"line":397,"column":3}}]},"18":{"loc":{"start":{"line":393,"column":20},"end":{"line":393,"column":95}},"type":"cond-expr","locations":[{"start":{"line":393,"column":79},"end":{"line":393,"column":86}},{"start":{"line":393,"column":89},"end":{"line":393,"column":95}}]},"19":{"loc":{"start":{"line":403,"column":4},"end":{"line":405,"column":50}},"type":"cond-expr","locations":[{"start":{"line":404,"column":8},"end":{"line":404,"column":46}},{"start":{"line":405,"column":8},"end":{"line":405,"column":50}}]}},"s":{"0":1,"1":1,"2":1,"3":1,"4":1,"5":31,"6":31,"7":32,"8":32,"9":32,"10":32,"11":32,"12":32,"13":32,"14":18,"15":18,"16":1,"17":17,"18":1,"19":16,"20":16,"21":16,"22":4,"23":7,"24":2,"25":4,"26":1,"27":3,"28":0,"29":3,"30":2,"31":2,"32":2,"33":1,"34":2,"35":4,"36":4,"37":2,"38":4,"39":2,"40":2,"41":4,"42":2,"43":3,"44":3,"45":1,"46":2,"47":2,"48":2,"49":0,"50":2,"51":2,"52":2,"53":2,"54":2,"55":1,"56":1,"57":1,"58":1,"59":3,"60":3,"61":31,"62":5,"63":2,"64":2,"65":2,"66":0,"67":2,"68":2},"f":{"0":31,"1":32,"2":18,"3":4,"4":7,"5":2,"6":4,"7":2,"8":4,"9":4,"10":4,"11":2,"12":3,"13":2,"14":2,"15":2,"16":3,"17":3,"18":5,"19":2},"b":{"0":[31,30],"1":[24],"2":[1],"3":[1],"4":[0],"5":[1],"6":[4,2],"7":[0],"8":[3,0],"9":[2],"10":[3,2],"11":[1],"12":[2],"13":[4,3],"14":[4,3],"15":[1],"16":[0],"17":[2,0],"18":[2,0],"19":[2,0]}}
,"/home/runner/work/iris-gate-person/iris-gate-person/src/receipt.ts": {"path":"/home/runner/work/iris-gate-person/iris-gate-person/src/receipt.ts","statementMap":{"0":{"start":{"line":55,"column":0},"end":{"line":55,"column":16}},"1":{"start":{"line":102,"column":0},"end":{"line":102,"column":16}},"2":{"start":{"line":122,"column":0},"end":{"line":122,"column":16}},"3":{"start":{"line":11,"column":0},"end":{"line":11,"column":69}},"4":{"start":{"line":28,"column":2},"end":{"line":28,"column":79}},"5":{"start":{"line":69,"column":69},"end":{"line":69,"column":76}},"6":{"start":{"line":70,"column":20},"end":{"line":70,"column":56}},"7":{"start":{"line":72,"column":20},"end":{"line":72,"column":89}},"8":{"start":{"line":73,"column":20},"end":{"line":73,"column":62}},"9":{"start":{"line":75,"column":2},"end":{"line":83,"column":4}},"10":{"start":{"line":107,"column":19},"end":{"line":107,"column":44}},"11":{"start":{"line":108,"column":2},"end":{"line":108,"column":38}},"12":{"start":{"line":123,"column":20},"end":{"line":128,"column":null}},"13":{"start":{"line":130,"column":2},"end":{"line":130,"column":80}}},"fnMap":{"0":{"name":"receiptCanonical","decl":{"start":{"line":21,"column":9},"end":{"line":21,"column":25}},"loc":{"start":{"line":26,"column":18},"end":{"line":29,"column":1}}},"1":{"name":"buildReceipt","decl":{"start":{"line":55,"column":16},"end":{"line":55,"column":28}},"loc":{"start":{"line":68,"column":1},"end":{"line":84,"column":1}}},"2":{"name":"verifyPersonCommitment","decl":{"start":{"line":102,"column":16},"end":{"line":102,"column":38}},"loc":{"start":{"line":105,"column":15},"end":{"line":109,"column":1}}},"3":{"name":"verifyReceipt","decl":{"start":{"line":122,"column":16},"end":{"line":122,"column":29}},"loc":{"start":{"line":122,"column":46},"end":{"line":131,"column":1}}}},"branchMap":{"0":{"loc":{"start":{"line":70,"column":20},"end":{"line":70,"column":56}},"type":"binary-expr","locations":[{"start":{"line":70,"column":20},"end":{"line":70,"column":28}},{"start":{"line":70,"column":32},"end":{"line":70,"column":56}}]}},"s":{"0":1,"1":1,"2":1,"3":1,"4":40,"5":19,"6":19,"7":19,"8":19,"9":19,"10":2,"11":2,"12":21,"13":21},"f":{"0":40,"1":19,"2":2,"3":21},"b":{"0":[19,19]}}
,"/home/runner/work/iris-gate-person/iris-gate-person/src/verify.ts": {"path":"/home/runner/work/iris-gate-person/iris-gate-person/src/verify.ts","statementMap":{"0":{"start":{"line":47,"column":0},"end":{"line":47,"column":16}},"1":{"start":{"line":101,"column":0},"end":{"line":101,"column":16}},"2":{"start":{"line":13,"column":0},"end":{"line":13,"column":56}},"3":{"start":{"line":14,"column":0},"end":{"line":14,"column":42}},"4":{"start":{"line":48,"column":21},"end":{"line":48,"column":24}},"5":{"start":{"line":49,"column":21},"end":{"line":49,"column":45}},"6":{"start":{"line":52,"column":24},"end":{"line":52,"column":29}},"7":{"start":{"line":53,"column":2},"end":{"line":58,"column":3}},"8":{"start":{"line":54,"column":23},"end":{"line":54,"column":73}},"9":{"start":{"line":55,"column":4},"end":{"line":55,"column":60}},"10":{"start":{"line":57,"column":4},"end":{"line":57,"column":28}},"11":{"start":{"line":61,"column":23},"end":{"line":61,"column":28}},"12":{"start":{"line":62,"column":2},"end":{"line":68,"column":3}},"13":{"start":{"line":63,"column":4},"end":{"line":67,"column":5}},"14":{"start":{"line":64,"column":6},"end":{"line":64,"column":53}},"15":{"start":{"line":66,"column":6},"end":{"line":66,"column":29}},"16":{"start":{"line":71,"column":20},"end":{"line":71,"column":25}},"17":{"start":{"line":72,"column":2},"end":{"line":74,"column":3}},"18":{"start":{"line":73,"column":4},"end":{"line":73,"column":75}},"19":{"start":{"line":76,"column":16},"end":{"line":76,"column":64}},"20":{"start":{"line":78,"column":18},"end":{"line":78,"column":95}},"21":{"start":{"line":80,"column":2},"end":{"line":87,"column":4}},"22":{"start":{"line":102,"column":29},"end":{"line":107,"column":4}},"23":{"start":{"line":108,"column":2},"end":{"line":108,"column":28}},"24":{"start":{"line":122,"column":74},"end":{"line":122,"column":78}},"25":{"start":{"line":123,"column":26},"end":{"line":123,"column":28}},"26":{"start":{"line":125,"column":2},"end":{"line":125,"column":76}},"27":{"start":{"line":126,"column":2},"end":{"line":126,"column":17}},"28":{"start":{"line":127,"column":2},"end":{"line":127,"column":102}},"29":{"start":{"line":128,"column":2},"end":{"line":128,"column":99}},"30":{"start":{"line":129,"column":2},"end":{"line":129,"column":101}},"31":{"start":{"line":130,"column":2},"end":{"line":130,"column":17}},"32":{"start":{"line":132,"column":2},"end":{"line":155,"column":3}},"33":{"start":{"line":133,"column":4},"end":{"line":133,"column":93}},"34":{"start":{"line":134,"column":4},"end":{"line":140,"column":5}},"35":{"start":{"line":135,"column":6},"end":{"line":135,"column":64}},"36":{"start":{"line":136,"column":6},"end":{"line":136,"column":65}},"37":{"start":{"line":137,"column":6},"end":{"line":139,"column":7}},"38":{"start":{"line":138,"column":8},"end":{"line":138,"column":66}},"39":{"start":{"line":142,"column":4},"end":{"line":142,"column":72}},"40":{"start":{"line":143,"column":4},"end":{"line":145,"column":5}},"41":{"start":{"line":144,"column":6},"end":{"line":144,"column":109}},"42":{"start":{"line":146,"column":4},"end":{"line":148,"column":5}},"43":{"start":{"line":147,"column":6},"end":{"line":147,"column":106}},"44":{"start":{"line":149,"column":4},"end":{"line":151,"column":5}},"45":{"start":{"line":150,"column":6},"end":{"line":150,"column":94}},"46":{"start":{"line":152,"column":4},"end":{"line":154,"column":5}},"47":{"start":{"line":153,"column":6},"end":{"line":153,"column":68}},"48":{"start":{"line":157,"column":2},"end":{"line":157,"column":26}}},"fnMap":{"0":{"name":"verifyPackage","decl":{"start":{"line":47,"column":16},"end":{"line":47,"column":29}},"loc":{"start":{"line":47,"column":48},"end":{"line":88,"column":1}}},"1":{"name":"verifyRecord","decl":{"start":{"line":101,"column":16},"end":{"line":101,"column":28}},"loc":{"start":{"line":101,"column":48},"end":{"line":109,"column":1}}},"2":{"name":"buildSummary","decl":{"start":{"line":115,"column":9},"end":{"line":115,"column":21}},"loc":{"start":{"line":121,"column":1},"end":{"line":158,"column":1}}}},"branchMap":{"0":{"loc":{"start":{"line":62,"column":2},"end":{"line":68,"column":3}},"type":"if","locations":[{"start":{"line":62,"column":2},"end":{"line":68,"column":3}}]},"1":{"loc":{"start":{"line":72,"column":2},"end":{"line":74,"column":3}},"type":"if","locations":[{"start":{"line":72,"column":2},"end":{"line":74,"column":3}}]},"2":{"loc":{"start":{"line":76,"column":16},"end":{"line":76,"column":64}},"type":"binary-expr","locations":[{"start":{"line":76,"column":16},"end":{"line":76,"column":31}},{"start":{"line":76,"column":35},"end":{"line":76,"column":49}},{"start":{"line":76,"column":53},"end":{"line":76,"column":64}}]},"3":{"loc":{"start":{"line":127,"column":19},"end":{"line":127,"column":46}},"type":"cond-expr","locations":[{"start":{"line":127,"column":37},"end":{"line":127,"column":40}},{"start":{"line":127,"column":43},"end":{"line":127,"column":46}}]},"4":{"loc":{"start":{"line":128,"column":19},"end":{"line":128,"column":45}},"type":"cond-expr","locations":[{"start":{"line":128,"column":36},"end":{"line":128,"column":39}},{"start":{"line":128,"column":42},"end":{"line":128,"column":45}}]},"5":{"loc":{"start":{"line":129,"column":19},"end":{"line":129,"column":42}},"type":"cond-expr","locations":[{"start":{"line":129,"column":33},"end":{"line":129,"column":36}},{"start":{"line":129,"column":39},"end":{"line":129,"column":42}}]},"6":{"loc":{"start":{"line":132,"column":2},"end":{"line":155,"column":3}},"type":"if","locations":[{"start":{"line":132,"column":2},"end":{"line":155,"column":3}},{"start":{"line":141,"column":9},"end":{"line":155,"column":3}}]},"7":{"loc":{"start":{"line":134,"column":4},"end":{"line":140,"column":5}},"type":"if","locations":[{"start":{"line":134,"column":4},"end":{"line":140,"column":5}}]},"8":{"loc":{"start":{"line":137,"column":6},"end":{"line":139,"column":7}},"type":"if","locations":[{"start":{"line":137,"column":6},"end":{"line":139,"column":7}}]},"9":{"loc":{"start":{"line":143,"column":4},"end":{"line":145,"column":5}},"type":"if","locations":[{"start":{"line":143,"column":4},"end":{"line":145,"column":5}}]},"10":{"loc":{"start":{"line":146,"column":4},"end":{"line":148,"column":5}},"type":"if","locations":[{"start":{"line":146,"column":4},"end":{"line":148,"column":5}}]},"11":{"loc":{"start":{"line":149,"column":4},"end":{"line":151,"column":5}},"type":"if","locations":[{"start":{"line":149,"column":4},"end":{"line":151,"column":5}}]},"12":{"loc":{"start":{"line":152,"column":4},"end":{"line":154,"column":5}},"type":"if","locations":[{"start":{"line":152,"column":4},"end":{"line":154,"column":5}}]}},"s":{"0":1,"1":1,"2":1,"3":1,"4":4,"5":4,"6":4,"7":4,"8":4,"9":4,"10":0,"11":4,"12":4,"13":3,"14":3,"15":0,"16":4,"17":4,"18":3,"19":4,"20":4,"21":4,"22":3,"23":3,"24":4,"25":4,"26":4,"27":4,"28":4,"29":4,"30":4,"31":4,"32":4,"33":3,"34":3,"35":3,"36":3,"37":3,"38":1,"39":1,"40":1,"41":0,"42":1,"43":1,"44":1,"45":1,"46":1,"47":1,"48":4},"f":{"0":4,"1":3,"2":4},"b":{"0":[3],"1":[3],"2":[4,4,3],"3":[4,0],"4":[3,1],"5":[3,1],"6":[3,1],"7":[3],"8":[1],"9":[0],"10":[1],"11":[1],"12":[1]}}
}
