TN:
SF:src/crypto.ts
FN:19,generateKeyPair
FN:37,sha256
FN:48,hashPayload
FN:56,randomHex
FN:71,signMessage
FN:89,verifySignature
FN:117,deriveKey
FN:128,encryptVault
FN:152,decryptVault
FNF:9
FNH:9
FNDA:33,generateKeyPair
FNDA:38,sha256
FNDA:38,hashPayload
FNDA:32,randomHex
FNDA:19,signMessage
FNDA:21,verifySignature
FNDA:4,deriveKey
FNDA:2,encryptVault
FNDA:2,decryptVault
DA:8,1
DA:19,1
DA:20,33
DA:24,33
DA:37,1
DA:38,38
DA:48,1
DA:49,38
DA:50,38
DA:56,1
DA:57,32
DA:71,1
DA:72,19
DA:73,19
DA:78,19
DA:89,1
DA:90,21
DA:91,21
DA:92,21
DA:93,21
DA:100,0
DA:108,1
DA:109,1
DA:110,1
DA:111,1
DA:112,1
DA:118,4
DA:128,1
DA:129,2
DA:130,2
DA:131,2
DA:133,2
DA:134,2
DA:135,2
DA:137,2
DA:152,1
DA:153,2
DA:154,2
DA:155,2
DA:156,2
DA:157,2
DA:159,2
DA:160,2
DA:162,2
DA:163,2
DA:165,1
LF:46
LH:45
BRDA:56,0,0,0
BRDA:73,1,0,0
BRDA:73,1,1,19
BRDA:95,2,0,0
BRDA:95,2,1,21
BRF:5
BRH:2
end_of_record
TN:
SF:src/index.ts
FN:13,(anonymous_0)
FN:17,(anonymous_1)
FN:17,(anonymous_2)
FN:17,(anonymous_3)
FN:20,(anonymous_4)
FN:20,(anonymous_5)
FN:23,(anonymous_6)
FNF:7
FNH:7
FNDA:31,(anonymous_0)
FNDA:19,(anonymous_1)
FNDA:2,(anonymous_2)
FNDA:1,(anonymous_3)
FNDA:1,(anonymous_4)
FNDA:1,(anonymous_5)
FNDA:3,(anonymous_6)
DA:13,32
DA:17,20
DA:20,2
DA:23,4
LF:4
LH:4
BRF:0
BRH:0
end_of_record
TN:
SF:src/person.ts
FN:192,createPerson
FN:197,commit
FN:227,receive
FN:241,challenge
FN:242,(anonymous_4)
FN:246,challengeAll
FN:247,(anonymous_6)
FN:251,(anonymous_7)
FN:259,search
FN:262,(anonymous_9)
FN:266,(anonymous_10)
FN:268,(anonymous_11)
FN:273,verify
FN:282,exportRecord
FN:299,exportVaultEncrypted
FN:308,importVaultEncrypted
FN:321,listRecords
FN:326,getRecord
FN:331,(anonymous_18)
FN:350,buildVerificationInstructions
FNF:20
FNH:20
FNDA:31,createPerson
FNDA:32,commit
FNDA:18,receive
FNDA:4,challenge
FNDA:7,(anonymous_4)
FNDA:2,challengeAll
FNDA:4,(anonymous_6)
FNDA:2,(anonymous_7)
FNDA:4,search
FNDA:4,(anonymous_9)
FNDA:4,(anonymous_10)
FNDA:2,(anonymous_11)
FNDA:3,verify
FNDA:2,exportRecord
FNDA:2,exportVaultEncrypted
FNDA:2,importVaultEncrypted
FNDA:3,listRecords
FNDA:3,getRecord
FNDA:5,(anonymous_18)
FNDA:2,buildVerificationInstructions
DA:19,1
DA:29,1
DA:30,1
DA:31,1
DA:192,1
DA:193,31
DA:194,31
DA:202,32
DA:203,32
DA:204,32
DA:206,32
DA:213,32
DA:222,32
DA:223,32
DA:228,18
DA:229,18
DA:230,1
DA:232,17
DA:233,1
DA:235,16
DA:236,16
DA:237,16
DA:242,7
DA:247,2
DA:248,4
DA:249,3
DA:250,3
DA:251,2
DA:252,2
DA:254,2
DA:260,4
DA:261,4
DA:262,4
DA:264,2
DA:265,2
DA:267,4
DA:268,2
DA:274,3
DA:275,3
DA:276,1
DA:278,2
DA:283,2
DA:284,2
DA:285,0
DA:288,2
DA:290,2
DA:300,2
DA:304,2
DA:309,2
DA:310,1
DA:314,1
DA:315,1
DA:316,1
DA:322,3
DA:327,3
DA:330,31
DA:331,5
DA:351,2
DA:374,2
DA:375,2
DA:396,0
DA:399,2
DA:413,2
LF:63
LH:61
BRDA:193,0,0,31
BRDA:193,0,1,30
BRDA:200,1,0,24
BRDA:229,2,0,1
BRDA:232,3,0,1
BRDA:246,4,0,0
BRDA:248,5,0,1
BRDA:248,6,0,4
BRDA:248,6,1,2
BRDA:249,7,0,0
BRDA:249,8,0,3
BRDA:249,8,1,0
BRDA:250,9,0,2
BRDA:250,10,0,3
BRDA:250,10,1,2
BRDA:252,11,0,1
BRDA:261,12,0,2
BRDA:261,13,0,4
BRDA:261,13,1,3
BRDA:267,14,0,4
BRDA:267,14,1,3
BRDA:275,15,0,1
BRDA:284,16,0,0
BRDA:374,17,0,2
BRDA:374,17,1,0
BRDA:393,18,0,2
BRDA:393,18,1,0
BRDA:403,19,0,2
BRDA:403,19,1,0
BRF:29
BRH:22
end_of_record
TN:
SF:src/receipt.ts
FN:21,receiptCanonical
FN:55,buildReceipt
FN:102,verifyPersonCommitment
FN:122,verifyReceipt
FNF:4
FNH:4
FNDA:40,receiptCanonical
FNDA:19,buildReceipt
FNDA:2,verifyPersonCommitment
FNDA:21,verifyReceipt
DA:11,1
DA:28,40
DA:55,1
DA:69,19
DA:70,19
DA:72,19
DA:73,19
DA:75,19
DA:102,1
DA:107,2
DA:108,2
DA:122,1
DA:123,21
DA:130,21
LF:14
LH:14
BRDA:70,0,0,19
BRDA:70,0,1,19
BRF:2
BRH:2
end_of_record
TN:
SF:src/verify.ts
FN:47,verifyPackage
FN:101,verifyRecord
FN:115,buildSummary
FNF:3
FNH:3
FNDA:4,verifyPackage
FNDA:3,verifyRecord
FNDA:4,buildSummary
DA:13,1
DA:14,1
DA:47,1
DA:48,4
DA:49,4
DA:52,4
DA:53,4
DA:54,4
DA:55,4
DA:57,0
DA:61,4
DA:62,4
DA:63,3
DA:64,3
DA:66,0
DA:71,4
DA:72,4
DA:73,3
DA:76,4
DA:78,4
DA:80,4
DA:101,1
DA:102,3
DA:108,3
DA:122,4
DA:123,4
DA:125,4
DA:126,4
DA:127,4
DA:128,4
DA:129,4
DA:130,4
DA:132,4
DA:133,3
DA:134,3
DA:135,3
DA:136,3
DA:137,3
DA:138,1
DA:142,1
DA:143,1
DA:144,0
DA:146,1
DA:147,1
DA:149,1
DA:150,1
DA:152,1
DA:153,1
DA:157,4
LF:49
LH:46
BRDA:62,0,0,3
BRDA:72,1,0,3
BRDA:76,2,0,4
BRDA:76,2,1,4
BRDA:76,2,2,3
BRDA:127,3,0,4
BRDA:127,3,1,0
BRDA:128,4,0,3
BRDA:128,4,1,1
BRDA:129,5,0,3
BRDA:129,5,1,1
BRDA:132,6,0,3
BRDA:132,6,1,1
BRDA:134,7,0,3
BRDA:137,8,0,1
BRDA:143,9,0,0
BRDA:146,10,0,1
BRDA:149,11,0,1
BRDA:152,12,0,1
BRF:19
BRH:17
end_of_record
